# Allowed command list : Normal (work in progress)
#/bin/addgroup
#/bin/ash
#/bin/busybox
#/bin/cat
#/bin/chgrp
#/bin/chmod
#/bin/chown
#/bin/cp
/bin/date
#/bin/dd
#/bin/df
/bin/dmesg
/bin/echo
#/bin/egrep
/bin/false
#/bin/fgrep
#/bin/fsync
#/bin/grep
#/bin/gunzip
#/bin/gzip
/bin/kill
#/bin/ln
#/bin/lock
#/bin/login
#/bin/ls
#/bin/mkdir
#/bin/mknod
#/bin/mktemp
#/bin/mount
#/bin/mv
#/bin/netmsg
/bin/netstat
#/bin/nice
/bin/pidof
/bin/ping
/bin/ping6
/bin/ps
#/bin/pwd
#/bin/rm
#/bin/rmdir
#/bin/sed
#/bin/sh
/bin/sleep
#/bin/sync
#/bin/tar
#/bin/touch
/bin/true
#/bin/umount
/bin/uname
#/bin/vi
#/bin/zcat
#/sbin/fdisk
#/sbin/halt
#/sbin/hwclock
/sbin/ifconfig
#/sbin/init
#/sbin/insmod
#/sbin/klogd
/sbin/logread
#/sbin/lsmod
#/sbin/pivot_root
#/sbin/poweroff
/sbin/reboot
#/sbin/rmmod
/sbin/route
#/sbin/start-stop-daemon
#/sbin/switch_root
#/sbin/sysctl
#/sbin/syslogd
#/sbin/udhcpc
#/sbin/vconfig
#/usr/bin/[
#/usr/bin/[[
/usr/bin/arping
#/usr/bin/awk
#/usr/bin/basename
#/usr/bin/bunzip2
#/usr/bin/bzcat
#/usr/bin/chrt
/usr/bin/clear
#/usr/bin/cmp
#/usr/bin/crontab
/usr/bin/cut
#/usr/bin/dirname
#/usr/bin/du
#/usr/bin/env
#/usr/bin/expr
#/usr/bin/find
/usr/bin/free
#/usr/bin/head
#/usr/bin/hexdump
#/usr/bin/hostid
/usr/bin/id
/usr/bin/killall
#/usr/bin/less
#/usr/bin/logger
/usr/bin/lsusb
#/usr/bin/md5sum
#/usr/bin/mkfifo
#/usr/bin/nc
/usr/bin/nslookup
#/usr/bin/passwd
#/usr/bin/pgrep
#/usr/bin/printf
#/usr/bin/readlink
/usr/bin/reset
#/usr/bin/seq
#/usr/bin/sha256sum
/usr/bin/sort
#/usr/bin/strings
#/usr/bin/tail
#/usr/bin/taskset
#/usr/bin/tee
#/usr/bin/telnet
/usr/bin/test
#/usr/bin/time
/usr/bin/top
#/usr/bin/tr
/usr/bin/traceroute
/usr/bin/uniq
/usr/bin/uptime
/usr/bin/wc
#/usr/bin/wget
/usr/bin/which
#/usr/bin/xargs
/usr/bin/yes
#/usr/sbin/chpasswd
#/usr/sbin/chroot
#/usr/sbin/crond
#/usr/sbin/ntpd

#/bin/busybox addgroup
#/bin/busybox ash
#/bin/busybox busybox
#/bin/busybox cat
#/bin/busybox chgrp
#/bin/busybox chmod
#/bin/busybox chown
#/bin/busybox cp
#/bin/busybox date
#/bin/busybox dd
#/bin/busybox df
#/bin/busybox dmesg
#/bin/busybox echo
#/bin/busybox egrep
#/bin/busybox false
#/bin/busybox fgrep
#/bin/busybox fsync
#/bin/busybox grep
#/bin/busybox gunzip
#/bin/busybox gzip
#/bin/busybox kill
#/bin/busybox ln
#/bin/busybox lock
#/bin/busybox login
#/bin/busybox ls
#/bin/busybox mkdir
#/bin/busybox mknod
#/bin/busybox mktemp
#/bin/busybox mount
#/bin/busybox mv
#/bin/busybox netmsg
#/bin/busybox netstat
#/bin/busybox nice
#/bin/busybox pidof
#/bin/busybox ping
#/bin/busybox ping6
#/bin/busybox ps
#/bin/busybox pwd
#/bin/busybox rm
#/bin/busybox rmdir
#/bin/busybox sed
#/bin/busybox sh
#/bin/busybox sleep
#/bin/busybox sync
#/bin/busybox tar
#/bin/busybox touch
#/bin/busybox true
#/bin/busybox umount
#/bin/busybox uname
#/bin/busybox vi
#/bin/busybox zcat
#/bin/busybox fdisk
#/bin/busybox halt
#/bin/busybox hwclock
#/bin/busybox ifconfig
#/bin/busybox init
#/bin/busybox insmod
#/bin/busybox klogd
#/bin/busybox logread
#/bin/busybox lsmod
#/bin/busybox pivot_root
#/bin/busybox poweroff
#/bin/busybox reboot
#/bin/busybox rmmod
#/bin/busybox route
#/bin/busybox start-stop-daemon
#/bin/busybox switch_root
#/bin/busybox sysctl
#/bin/busybox syslogd
#/bin/busybox udhcpc
#/bin/busybox vconfig
#/bin/busybox [
#/bin/busybox [[
#/bin/busybox arping
#/bin/busybox awk
#/bin/busybox basename
#/bin/busybox bunzip2
#/bin/busybox bzcat
#/bin/busybox chrt
#/bin/busybox clear
#/bin/busybox cmp
#/bin/busybox crontab
#/bin/busybox cut
#/bin/busybox dirname
#/bin/busybox du
#/bin/busybox env
#/bin/busybox expr
#/bin/busybox find
#/bin/busybox free
#/bin/busybox head
#/bin/busybox hexdump
#/bin/busybox hostid
#/bin/busybox id
#/bin/busybox killall
#/bin/busybox less
#/bin/busybox logger
#/bin/busybox lsusb
#/bin/busybox md5sum
#/bin/busybox mkfifo
#/bin/busybox nc
#/bin/busybox nslookup
#/bin/busybox passwd
#/bin/busybox pgrep
#/bin/busybox printf
#/bin/busybox readlink
#/bin/busybox reset
#/bin/busybox seq
#/bin/busybox sha256sum
#/bin/busybox sort
#/bin/busybox strings
#/bin/busybox tail
#/bin/busybox taskset
#/bin/busybox tee
#/bin/busybox telnet
#/bin/busybox test
#/bin/busybox time
#/bin/busybox top
#/bin/busybox tr
#/bin/busybox traceroute
#/bin/busybox uniq
#/bin/busybox uptime
#/bin/busybox wc
#/bin/busybox wget
#/bin/busybox which
#/bin/busybox xargs
#/bin/busybox yes
#/bin/busybox chpasswd
#/bin/busybox chroot
#/bin/busybox crond
#/bin/busybox ntpd

#/bin/ipcalc.sh
#/bin/login.sh
#/bin/opkg
/bin/ubus
#/bin/urlfilterd-tch

#/sbin/core-handler
#/sbin/devstatus
#/sbin/firstboot
#/sbin/firstusedate
#/sbin/fw3
#/sbin/hotplug-call
#/sbin/hotplug2
/sbin/ifdown
/sbin/ifstatus
/sbin/ifup
#/sbin/led.sh
#/sbin/ledfw.lua
#/sbin/mount_root
#/sbin/mtd
#/sbin/netifd
#/sbin/sysupgrade
#/sbin/trafficmon.lua
#/sbin/ubusd
/sbin/uci
#/sbin/udevtrigger
#/sbin/wansensing.lua
#/sbin/wifi

#/usr/bin/atmping
#/usr/bin/atmpinginvoker
/usr/bin/bcmswconfig
#/usr/bin/bcmubusbridge
/usr/bin/bcmvopiconfig
#/usr/bin/bli_parser
#/usr/bin/bli_unseal
#/usr/bin/bli_unseal_aes128
#/usr/bin/bli_unseal_aes128_helper
#/usr/bin/bli_unseal_aes256
#/usr/bin/bli_unseal_aes256_helper
#/usr/bin/bli_unseal_open
#/usr/bin/bli_unseal_rsa
#/usr/bin/bli_unseal_rsa_helper
#/usr/bin/bli_unseal_sha1
#/usr/bin/bli_unseal_sha1_helper
#/usr/bin/bli_unseal_sha256
#/usr/bin/bli_unseal_zip
#/usr/bin/bli_unseal_zip_helper
/usr/bin/bootp
/usr/bin/bpmctl
/usr/bin/brcm_oamctl
/usr/bin/brctl
#/usr/bin/comgt
#/usr/bin/content-sharing
#/usr/bin/curl
#/usr/bin/cwmpd
#/usr/bin/cwmpevents
#/usr/bin/dbclient
#/usr/bin/ddsfreeshm
#/usr/bin/dectcmd
#/usr/bin/dfree
#/usr/bin/dhcp6c-state
#/usr/bin/dnsget
#/usr/bin/dropbearkey
/usr/bin/dsldiagd
/usr/bin/ethctl
/usr/bin/ethswctl
/usr/bin/fapctl
/usr/bin/fcctl
#/usr/bin/gcom
/usr/bin/gmacctl
#/usr/bin/hostmanager.lua
#/usr/bin/igd_traceroute
#/usr/bin/igd_traceroute_helper
#/usr/bin/igmpproxy
#/usr/bin/ipping
#/usr/bin/ipping_helper
/usr/bin/iqctl
#/usr/bin/jshn
#/usr/bin/leds_test.sh
#/usr/bin/lua
#/usr/bin/mcsnooper
#/usr/bin/mdkshell
#/usr/bin/mmdbd
#/usr/bin/mmpbxd
#/usr/bin/mobiledongle.lua
#/usr/bin/mobiledongle_bg.lua
#/usr/bin/mount-usb
#/usr/bin/neighmd
/usr/bin/newsrpuser
#/usr/bin/parsevendorinfo
#/usr/bin/polling-led.lua
#/usr/bin/processlease
/usr/bin/pwrctl
#/usr/bin/qmi-connection
#/usr/bin/qmi-network
#/usr/bin/qmicli
/usr/bin/rtfd
#/usr/bin/scp
#/usr/bin/setportmirror
#/usr/bin/setupfap
#/usr/bin/setxdsloemparam
#/usr/bin/signature_checker
#/usr/bin/ssh
#/usr/bin/sudo
#/usr/bin/swmdk
#/usr/bin/sysupgrade-safe
/usr/bin/tmsctl
#/usr/bin/tr143_diag
#/usr/bin/transformer
/usr/bin/transformer-cli
#/usr/bin/txmember
#/usr/bin/udp_echo
#/usr/bin/upnp_wgclp
#/usr/bin/usb_modeswitch
/usr/bin/vlanctl
#/usr/bin/wl
/usr/bin/wlctl
/usr/bin/xdslctl
/usr/bin/xtmctl

#/usr/sbin/6rdcalc
#/usr/sbin/acl_button_pressed.sh
#/usr/sbin/chat
#/usr/sbin/computeHA1
#/usr/sbin/dnsmasq
#/usr/sbin/dropbear
#/usr/sbin/ebtables
#/usr/sbin/fonctl
#/usr/sbin/get_wlan_feature.sh
#/usr/sbin/hostapd
/usr/sbin/hostapd_cli
#/usr/sbin/hostapd_env.sh
#/usr/sbin/hostapd_keygen
#/usr/sbin/hotspot-down
#/usr/sbin/hotspot-up
#/usr/sbin/hotspot-user
#/usr/sbin/hotspotd
#/usr/sbin/ip
/usr/sbin/ip6tables
#/usr/sbin/ip6tables-restore
#/usr/sbin/ip6tables-save
/usr/sbin/iptables
#/usr/sbin/iptables-restore
#/usr/sbin/iptables-save
#/usr/sbin/minidlnad
#/usr/sbin/minitr064d
#/usr/sbin/miniupnpd
#/usr/sbin/nginx
#/usr/sbin/nmbd
#/usr/sbin/odhcp6c
#/usr/sbin/odhcpd
#/usr/sbin/odhcpd-update
#/usr/sbin/pppd
#/usr/sbin/pppoe-relay
#/usr/sbin/rip-write-efu.sh
#/usr/sbin/set_wlan_feature.sh
#/usr/sbin/smbd
#/usr/sbin/smbpasswd
/usr/sbin/tcpdump
#/usr/sbin/watchdog-tch
#/usr/sbin/wifionoff.sh
/usr/sbin/wireless_autochannel.sh
/usr/sbin/wireless_caldata.sh
/usr/sbin/wireless_fatel_error.sh
/usr/sbin/wireless_fix_uci_config.sh
/usr/sbin/wireless_get_radio_type.sh
/usr/sbin/wireless_get_remote_network.sh
/usr/sbin/wireless_init_atheros.sh
/usr/sbin/wireless_init_broadcom.sh
/usr/sbin/wireless_init_uci_env.sh
/usr/sbin/wireless_odm_test_init.sh
/usr/sbin/wireless_restore_default_config.sh
/usr/sbin/wireless_txtest.sh
#/usr/sbin/wps_button_pressed.sh
#/usr/sbin/xtables-multi

/etc/init.d/bcmubusbridge
/etc/init.d/boot
/etc/init.d/brcm_kthrd_prios
/etc/init.d/cron
/etc/init.d/cwmpd
/etc/init.d/cwmpdboot
/etc/init.d/dhcprelay
/etc/init.d/dnsmasq
/etc/init.d/done
/etc/init.d/dropbear
/etc/init.d/dscp2pbit
/etc/init.d/ethernet
/etc/init.d/firewall
/etc/init.d/hostapd
/etc/init.d/hostmanager
/etc/init.d/hotspotd
/etc/init.d/igmpproxy
/etc/init.d/intercept
/etc/init.d/iqos
/etc/init.d/led
/etc/init.d/ledfw
/etc/init.d/mcsnooper
/etc/init.d/minidlna
/etc/init.d/minitr064d
/etc/init.d/miniupnpd
/etc/init.d/mmdbd
/etc/init.d/mmpbxbrcmdect
/etc/init.d/mmpbxd
/etc/init.d/mobiledongle
/etc/init.d/mwan
/etc/init.d/neighm
/etc/init.d/network
/etc/init.d/nginx
/etc/init.d/odhcpd
/etc/init.d/phypower
/etc/init.d/platform-gpl
/etc/init.d/portmirror
/etc/init.d/power
/etc/init.d/pppoe-relay
/etc/init.d/qos
/etc/init.d/ra
/etc/init.d/rcS
/etc/init.d/samba
/etc/init.d/samba-nmbd
/etc/init.d/swmdk
/etc/init.d/sysctl
/etc/init.d/sysctl-tch
/etc/init.d/sysntpd
/etc/init.d/trafficmon
/etc/init.d/transformer
/etc/init.d/txmember
/etc/init.d/ubus
/etc/init.d/umount
/etc/init.d/urlfilterd-tch
/etc/init.d/usb
/etc/init.d/wansensing
/etc/init.d/watchdog-tch
/etc/init.d/xdsl
/etc/init.d/xtm

#Built-ins :
#.
#:
#[
#[[
#alias
#bg
#break
#cd
#chdir
#command
#continue
#echo
#eval
#exec
#exit
#export
#false
#fg
#getopts
#hash
#help
#jobs
#kill
#let
#local
#printf
#pwd
#read
#readonly
#return
#set
#shift
#source
#test
#times
#trap
#true
#type
#ulimit
#umask
#unalias
#unset
#wait
