BOOT
START SCRIPT
Thu Jun 11 20:27:07 CEST 2020
END SCRIPT
Fri Jun 12 02:45:03 CEST 2020
START SCRIPT
Fri Jun 12 02:45:13 CEST 2020
END SCRIPT
Fri Jun 12 09:03:18 CEST 2020
START SCRIPT
Fri Jun 12 09:03:28 CEST 2020
BOOT
START SCRIPT
Fri Jun 12 11:26:51 CEST 2020
END SCRIPT
Fri Jun 12 17:44:51 CEST 2020
START SCRIPT
Fri Jun 12 17:45:01 CEST 2020
END SCRIPT
Sat Jun 13 00:02:47 CEST 2020
START SCRIPT
Sat Jun 13 00:02:57 CEST 2020
END SCRIPT
Sat Jun 13 06:20:53 CEST 2020
START SCRIPT
Sat Jun 13 06:21:03 CEST 2020
END SCRIPT
Sat Jun 13 12:38:53 CEST 2020
START SCRIPT
Sat Jun 13 12:39:03 CEST 2020
END SCRIPT
Sat Jun 13 18:56:50 CEST 2020
START SCRIPT
Sat Jun 13 18:57:00 CEST 2020
END SCRIPT
Sun Jun 14 01:15:00 CEST 2020
START SCRIPT
Sun Jun 14 01:15:10 CEST 2020
END SCRIPT
Sun Jun 14 07:33:00 CEST 2020
START SCRIPT
Sun Jun 14 07:33:10 CEST 2020
END SCRIPT
Sun Jun 14 13:51:00 CEST 2020
START SCRIPT
Sun Jun 14 13:51:10 CEST 2020
END SCRIPT
Sun Jun 14 20:09:04 CEST 2020
START SCRIPT
Sun Jun 14 20:09:14 CEST 2020
END SCRIPT
Mon Jun 15 02:27:04 CEST 2020
START SCRIPT
Mon Jun 15 02:27:14 CEST 2020
END SCRIPT
Mon Jun 15 08:45:11 CEST 2020
START SCRIPT
Mon Jun 15 08:45:21 CEST 2020
END SCRIPT
Mon Jun 15 10:43:43 CEST 2020
START SCRIPT
Mon Jun 15 10:43:53 CEST 2020
END SCRIPT
Mon Jun 15 10:44:29 CEST 2020
START SCRIPT
Mon Jun 15 10:44:39 CEST 2020
END SCRIPT
Mon Jun 15 10:45:15 CEST 2020
START SCRIPT
Mon Jun 15 10:45:25 CEST 2020
END SCRIPT
Mon Jun 15 10:46:00 CEST 2020
START SCRIPT
Mon Jun 15 10:46:10 CEST 2020
END SCRIPT
Mon Jun 15 10:46:46 CEST 2020
START SCRIPT
Mon Jun 15 10:46:56 CEST 2020
END SCRIPT
Mon Jun 15 10:47:31 CEST 2020
START SCRIPT
Mon Jun 15 10:47:42 CEST 2020
END SCRIPT
Mon Jun 15 10:48:17 CEST 2020
START SCRIPT
Mon Jun 15 10:48:27 CEST 2020
END SCRIPT
Mon Jun 15 10:49:03 CEST 2020
START SCRIPT
Mon Jun 15 10:49:13 CEST 2020
END SCRIPT
Mon Jun 15 10:49:48 CEST 2020
START SCRIPT
Mon Jun 15 10:49:58 CEST 2020
END SCRIPT
Mon Jun 15 10:50:34 CEST 2020
START SCRIPT
Mon Jun 15 10:50:44 CEST 2020
END SCRIPT
Mon Jun 15 10:51:20 CEST 2020
START SCRIPT
Mon Jun 15 10:51:30 CEST 2020
END SCRIPT
Mon Jun 15 10:52:05 CEST 2020
START SCRIPT
Mon Jun 15 10:52:15 CEST 2020
END SCRIPT
Mon Jun 15 10:52:51 CEST 2020
START SCRIPT
Mon Jun 15 10:53:01 CEST 2020
END SCRIPT
Mon Jun 15 10:53:36 CEST 2020
START SCRIPT
Mon Jun 15 10:53:46 CEST 2020
END SCRIPT
Mon Jun 15 10:54:22 CEST 2020
START SCRIPT
Mon Jun 15 10:54:32 CEST 2020
END SCRIPT
Mon Jun 15 10:55:08 CEST 2020
START SCRIPT
Mon Jun 15 10:55:18 CEST 2020
END SCRIPT
Mon Jun 15 10:55:53 CEST 2020
START SCRIPT
Mon Jun 15 10:56:03 CEST 2020
END SCRIPT
Mon Jun 15 10:56:39 CEST 2020
START SCRIPT
Mon Jun 15 10:56:49 CEST 2020
END SCRIPT
Mon Jun 15 10:57:25 CEST 2020
START SCRIPT
Mon Jun 15 10:57:35 CEST 2020
END SCRIPT
Mon Jun 15 10:58:10 CEST 2020
START SCRIPT
Mon Jun 15 10:58:20 CEST 2020
END SCRIPT
Mon Jun 15 10:58:56 CEST 2020
START SCRIPT
Mon Jun 15 10:59:06 CEST 2020
END SCRIPT
Mon Jun 15 10:59:41 CEST 2020
START SCRIPT
Mon Jun 15 10:59:51 CEST 2020
END SCRIPT
Mon Jun 15 11:00:27 CEST 2020
START SCRIPT
Mon Jun 15 11:00:37 CEST 2020
END SCRIPT
Mon Jun 15 11:01:13 CEST 2020
START SCRIPT
Mon Jun 15 11:01:23 CEST 2020
END SCRIPT
Mon Jun 15 11:01:58 CEST 2020
START SCRIPT
Mon Jun 15 11:02:08 CEST 2020
END SCRIPT
Mon Jun 15 11:02:44 CEST 2020
START SCRIPT
Mon Jun 15 11:02:54 CEST 2020
END SCRIPT
Mon Jun 15 11:03:29 CEST 2020
START SCRIPT
Mon Jun 15 11:03:39 CEST 2020
END SCRIPT
Mon Jun 15 11:04:15 CEST 2020
START SCRIPT
Mon Jun 15 11:04:25 CEST 2020
END SCRIPT
Mon Jun 15 11:05:01 CEST 2020
START SCRIPT
Mon Jun 15 11:05:11 CEST 2020
END SCRIPT
Mon Jun 15 11:05:46 CEST 2020
START SCRIPT
Mon Jun 15 11:05:56 CEST 2020
END SCRIPT
Mon Jun 15 11:06:32 CEST 2020
START SCRIPT
Mon Jun 15 11:06:42 CEST 2020
END SCRIPT
Mon Jun 15 11:07:18 CEST 2020
START SCRIPT
Mon Jun 15 11:07:28 CEST 2020
END SCRIPT
Mon Jun 15 11:08:03 CEST 2020
START SCRIPT
Mon Jun 15 11:08:13 CEST 2020
END SCRIPT
Mon Jun 15 11:08:49 CEST 2020
START SCRIPT
Mon Jun 15 11:08:59 CEST 2020
END SCRIPT
Mon Jun 15 11:09:35 CEST 2020
START SCRIPT
Mon Jun 15 11:09:45 CEST 2020
END SCRIPT
Mon Jun 15 11:10:20 CEST 2020
START SCRIPT
Mon Jun 15 11:10:30 CEST 2020
BOOT
START SCRIPT
Thu Jun 11 13:13:46 CEST 2020
END SCRIPT
Thu Jun 11 13:14:42 CEST 2020
START SCRIPT
Thu Jun 11 13:14:52 CEST 2020
END SCRIPT
Thu Jun 11 13:15:28 CEST 2020
START SCRIPT
Thu Jun 11 13:15:38 CEST 2020
END SCRIPT
Thu Jun 11 13:16:13 CEST 2020
START SCRIPT
Thu Jun 11 13:16:23 CEST 2020
END SCRIPT
Thu Jun 11 13:16:59 CEST 2020
START SCRIPT
Thu Jun 11 13:17:09 CEST 2020
END SCRIPT
Thu Jun 11 13:17:45 CEST 2020
START SCRIPT
Thu Jun 11 13:17:55 CEST 2020
END SCRIPT
Thu Jun 11 13:18:30 CEST 2020
START SCRIPT
Thu Jun 11 13:18:40 CEST 2020
END SCRIPT
Thu Jun 11 13:19:16 CEST 2020
START SCRIPT
Thu Jun 11 13:19:26 CEST 2020
END SCRIPT
Thu Jun 11 13:20:01 CEST 2020
START SCRIPT
Thu Jun 11 13:20:12 CEST 2020
END SCRIPT
Thu Jun 11 13:20:47 CEST 2020
START SCRIPT
Thu Jun 11 13:20:57 CEST 2020
END SCRIPT
Thu Jun 11 13:21:33 CEST 2020
START SCRIPT
Thu Jun 11 13:21:43 CEST 2020
END SCRIPT
Thu Jun 11 13:22:18 CEST 2020
START SCRIPT
Thu Jun 11 13:22:28 CEST 2020
END SCRIPT
Thu Jun 11 13:23:04 CEST 2020
START SCRIPT
Thu Jun 11 13:23:14 CEST 2020
END SCRIPT
Thu Jun 11 13:23:50 CEST 2020
START SCRIPT
Thu Jun 11 13:24:00 CEST 2020
END SCRIPT
Thu Jun 11 13:24:35 CEST 2020
START SCRIPT
Thu Jun 11 13:24:45 CEST 2020
END SCRIPT
Thu Jun 11 13:25:21 CEST 2020
START SCRIPT
Thu Jun 11 13:25:31 CEST 2020
END SCRIPT
Thu Jun 11 13:26:07 CEST 2020
START SCRIPT
Thu Jun 11 13:26:17 CEST 2020
END SCRIPT
Thu Jun 11 13:26:52 CEST 2020
START SCRIPT
Thu Jun 11 13:27:02 CEST 2020
END SCRIPT
Thu Jun 11 13:27:38 CEST 2020
START SCRIPT
Thu Jun 11 13:27:48 CEST 2020
END SCRIPT
Thu Jun 11 13:28:23 CEST 2020
START SCRIPT
Thu Jun 11 13:28:34 CEST 2020
END SCRIPT
Thu Jun 11 13:29:09 CEST 2020
START SCRIPT
Thu Jun 11 13:29:19 CEST 2020
END SCRIPT
Thu Jun 11 13:29:55 CEST 2020
START SCRIPT
Thu Jun 11 13:30:05 CEST 2020
END SCRIPT
Thu Jun 11 13:30:40 CEST 2020
START SCRIPT
Thu Jun 11 13:30:50 CEST 2020
END SCRIPT
Thu Jun 11 13:31:21 CEST 2020
START SCRIPT
Thu Jun 11 13:31:31 CEST 2020
END SCRIPT
Mon Jun 15 13:18:30 CEST 2020
START SCRIPT
Mon Jun 15 13:18:40 CEST 2020
BOOT
START SCRIPT
Mon Jun 15 16:11:25 CEST 2020
END SCRIPT
Mon Jun 15 22:29:23 CEST 2020
START SCRIPT
Mon Jun 15 22:29:33 CEST 2020
END SCRIPT
Tue Jun 16 04:47:24 CEST 2020
START SCRIPT
Tue Jun 16 04:47:35 CEST 2020
END SCRIPT
Tue Jun 16 11:04:49 CEST 2020
START SCRIPT
Tue Jun 16 11:04:59 CEST 2020
END SCRIPT
Tue Jun 16 17:23:00 CEST 2020
START SCRIPT
Tue Jun 16 17:23:10 CEST 2020
END SCRIPT
Tue Jun 16 23:41:08 CEST 2020
START SCRIPT
Tue Jun 16 23:41:18 CEST 2020
END SCRIPT
Wed Jun 17 05:59:38 CEST 2020
START SCRIPT
Wed Jun 17 05:59:48 CEST 2020
END SCRIPT
Wed Jun 17 12:19:01 CEST 2020
START SCRIPT
Wed Jun 17 12:19:11 CEST 2020
BOOT
START SCRIPT
Thu Jun 11 13:15:49 CEST 2020
END SCRIPT
Thu Jun 11 13:16:45 CEST 2020
START SCRIPT
Thu Jun 11 13:16:55 CEST 2020
END SCRIPT
Thu Jun 11 13:17:31 CEST 2020
START SCRIPT
Thu Jun 11 13:17:41 CEST 2020
END SCRIPT
Thu Jun 11 13:18:16 CEST 2020
START SCRIPT
Thu Jun 11 13:18:26 CEST 2020
END SCRIPT
Thu Jun 11 13:19:02 CEST 2020
START SCRIPT
Thu Jun 11 13:19:12 CEST 2020
END SCRIPT
Thu Jun 11 13:19:47 CEST 2020
START SCRIPT
Thu Jun 11 13:19:57 CEST 2020
END SCRIPT
Thu Jun 11 13:20:33 CEST 2020
START SCRIPT
Thu Jun 11 13:20:43 CEST 2020
END SCRIPT
Wed Jun 17 15:03:30 CEST 2020
START SCRIPT
Wed Jun 17 15:03:40 CEST 2020
END SCRIPT
Wed Jun 17 16:28:22 CEST 2020
START SCRIPT
Wed Jun 17 16:28:32 CEST 2020
END SCRIPT
Wed Jun 17 16:29:07 CEST 2020
START SCRIPT
Wed Jun 17 16:29:17 CEST 2020
BOOT
START SCRIPT
Thu Jun 11 13:17:58 CEST 2020
END SCRIPT
Thu Jun 11 13:18:53 CEST 2020
START SCRIPT
Thu Jun 11 13:19:03 CEST 2020
END SCRIPT
Thu Jun 11 13:19:38 CEST 2020
START SCRIPT
Thu Jun 11 13:19:48 CEST 2020
END SCRIPT
Thu Jun 11 13:20:24 CEST 2020
START SCRIPT
Thu Jun 11 13:20:34 CEST 2020
END SCRIPT
Thu Jun 11 13:21:10 CEST 2020
START SCRIPT
Thu Jun 11 13:21:20 CEST 2020
END SCRIPT
Thu Jun 11 13:21:55 CEST 2020
START SCRIPT
Thu Jun 11 13:22:05 CEST 2020
END SCRIPT
Thu Jun 11 13:22:41 CEST 2020
START SCRIPT
Thu Jun 11 13:22:51 CEST 2020
END SCRIPT
Thu Jun 11 13:23:26 CEST 2020
START SCRIPT
Thu Jun 11 13:23:36 CEST 2020
END SCRIPT
Thu Jun 11 13:24:12 CEST 2020
START SCRIPT
Thu Jun 11 13:24:22 CEST 2020
END SCRIPT
Thu Jun 11 13:24:58 CEST 2020
START SCRIPT
Thu Jun 11 13:25:08 CEST 2020
END SCRIPT
Thu Jun 11 13:25:43 CEST 2020
START SCRIPT
Thu Jun 11 13:25:53 CEST 2020
END SCRIPT
Thu Jun 11 13:26:29 CEST 2020
START SCRIPT
Thu Jun 11 13:26:39 CEST 2020
END SCRIPT
Thu Jun 11 13:27:15 CEST 2020
START SCRIPT
Thu Jun 11 13:27:25 CEST 2020
END SCRIPT
Thu Jun 11 13:28:00 CEST 2020
START SCRIPT
Thu Jun 11 13:28:10 CEST 2020
END SCRIPT
Thu Jun 11 13:28:46 CEST 2020
START SCRIPT
Thu Jun 11 13:28:56 CEST 2020
END SCRIPT
Thu Jun 11 13:29:31 CEST 2020
START SCRIPT
Thu Jun 11 13:29:41 CEST 2020
END SCRIPT
Thu Jun 11 13:30:17 CEST 2020
START SCRIPT
Thu Jun 11 13:30:27 CEST 2020
END SCRIPT
Thu Jun 11 13:31:03 CEST 2020
START SCRIPT
Thu Jun 11 13:31:13 CEST 2020
END SCRIPT
Thu Jun 11 13:31:48 CEST 2020
START SCRIPT
Thu Jun 11 13:31:58 CEST 2020
END SCRIPT
Thu Jun 11 13:32:34 CEST 2020
START SCRIPT
Thu Jun 11 13:32:44 CEST 2020
END SCRIPT
Thu Jun 11 13:33:20 CEST 2020
START SCRIPT
Thu Jun 11 13:33:30 CEST 2020
END SCRIPT
Thu Jun 11 13:34:05 CEST 2020
START SCRIPT
Thu Jun 11 13:34:15 CEST 2020
END SCRIPT
Thu Jun 11 13:34:51 CEST 2020
START SCRIPT
Thu Jun 11 13:35:01 CEST 2020
END SCRIPT
Thu Jun 11 13:35:36 CEST 2020
START SCRIPT
Thu Jun 11 13:35:46 CEST 2020
END SCRIPT
Thu Jun 11 13:36:22 CEST 2020
START SCRIPT
Thu Jun 11 13:36:32 CEST 2020
END SCRIPT
Thu Jun 11 13:37:08 CEST 2020
START SCRIPT
Thu Jun 11 13:37:18 CEST 2020
END SCRIPT
Thu Jun 11 13:37:53 CEST 2020
START SCRIPT
Thu Jun 11 13:38:03 CEST 2020
END SCRIPT
Thu Jun 11 13:38:39 CEST 2020
START SCRIPT
Thu Jun 11 13:38:49 CEST 2020
END SCRIPT
Thu Jun 11 13:39:24 CEST 2020
START SCRIPT
Thu Jun 11 13:39:34 CEST 2020
END SCRIPT
Thu Jun 11 13:40:10 CEST 2020
START SCRIPT
Thu Jun 11 13:40:20 CEST 2020
END SCRIPT
Thu Jun 11 13:40:56 CEST 2020
START SCRIPT
Thu Jun 11 13:41:06 CEST 2020
END SCRIPT
Thu Jun 11 13:41:41 CEST 2020
START SCRIPT
Thu Jun 11 13:41:51 CEST 2020
END SCRIPT
Thu Jun 11 13:42:27 CEST 2020
START SCRIPT
Thu Jun 11 13:42:37 CEST 2020
END SCRIPT
Thu Jun 11 13:43:13 CEST 2020
START SCRIPT
Thu Jun 11 13:43:23 CEST 2020
END SCRIPT
Thu Jun 11 13:43:58 CEST 2020
START SCRIPT
Thu Jun 11 13:44:08 CEST 2020
END SCRIPT
Thu Jun 11 13:44:44 CEST 2020
START SCRIPT
Thu Jun 11 13:44:54 CEST 2020
END SCRIPT
Thu Jun 11 13:45:29 CEST 2020
START SCRIPT
Thu Jun 11 13:45:39 CEST 2020
END SCRIPT
Thu Jun 11 13:46:15 CEST 2020
START SCRIPT
Thu Jun 11 13:46:25 CEST 2020
END SCRIPT
Thu Jun 11 13:47:01 CEST 2020
START SCRIPT
Thu Jun 11 13:47:11 CEST 2020
END SCRIPT
Thu Jun 11 13:47:46 CEST 2020
START SCRIPT
Thu Jun 11 13:47:56 CEST 2020
END SCRIPT
Thu Jun 11 13:48:32 CEST 2020
START SCRIPT
Thu Jun 11 13:48:42 CEST 2020
END SCRIPT
Thu Jun 11 13:49:17 CEST 2020
START SCRIPT
Thu Jun 11 13:49:28 CEST 2020
END SCRIPT
Thu Jun 11 13:50:03 CEST 2020
START SCRIPT
Thu Jun 11 13:50:13 CEST 2020
END SCRIPT
Thu Jun 11 13:50:49 CEST 2020
START SCRIPT
Thu Jun 11 13:50:59 CEST 2020
END SCRIPT
Thu Jun 11 13:51:34 CEST 2020
START SCRIPT
Thu Jun 11 13:51:45 CEST 2020
END SCRIPT
Thu Jun 11 13:52:20 CEST 2020
START SCRIPT
Thu Jun 11 13:52:30 CEST 2020
END SCRIPT
Thu Jun 11 13:53:06 CEST 2020
START SCRIPT
Thu Jun 11 13:53:16 CEST 2020
END SCRIPT
Thu Jun 11 13:53:51 CEST 2020
START SCRIPT
Thu Jun 11 13:54:01 CEST 2020
BOOT
START SCRIPT
Thu Jun 11 13:20:28 CEST 2020
END SCRIPT
Thu Jun 11 13:21:05 CEST 2020
START SCRIPT
Thu Jun 11 13:21:15 CEST 2020
END SCRIPT
Thu Jun 11 13:21:50 CEST 2020
START SCRIPT
Thu Jun 11 13:22:00 CEST 2020
END SCRIPT
Thu Jun 11 13:22:36 CEST 2020
START SCRIPT
Thu Jun 11 13:22:46 CEST 2020
END SCRIPT
Thu Jun 11 13:23:22 CEST 2020
START SCRIPT
Thu Jun 11 13:23:32 CEST 2020
END SCRIPT
Thu Jun 11 13:24:07 CEST 2020
START SCRIPT
Thu Jun 11 13:24:17 CEST 2020
END SCRIPT
Thu Jun 11 13:24:53 CEST 2020
START SCRIPT
Thu Jun 11 13:25:03 CEST 2020
END SCRIPT
Thu Jun 11 13:25:39 CEST 2020
START SCRIPT
Thu Jun 11 13:25:49 CEST 2020
END SCRIPT
Thu Jun 11 13:26:24 CEST 2020
START SCRIPT
Thu Jun 11 13:26:34 CEST 2020
END SCRIPT
Thu Jun 11 13:27:10 CEST 2020
START SCRIPT
Thu Jun 11 13:27:20 CEST 2020
END SCRIPT
Thu Jun 11 13:27:55 CEST 2020
START SCRIPT
Thu Jun 11 13:28:05 CEST 2020
END SCRIPT
Thu Jun 11 13:28:41 CEST 2020
START SCRIPT
Thu Jun 11 13:28:51 CEST 2020
END SCRIPT
Thu Jun 11 13:29:26 CEST 2020
START SCRIPT
Thu Jun 11 13:29:36 CEST 2020
END SCRIPT
Thu Jun 11 13:30:12 CEST 2020
START SCRIPT
Thu Jun 11 13:30:22 CEST 2020
END SCRIPT
Thu Jun 11 13:30:58 CEST 2020
START SCRIPT
Thu Jun 11 13:31:08 CEST 2020
END SCRIPT
Thu Jun 11 13:31:43 CEST 2020
START SCRIPT
Thu Jun 11 13:31:53 CEST 2020
END SCRIPT
Thu Jun 11 13:32:29 CEST 2020
START SCRIPT
Thu Jun 11 13:32:39 CEST 2020
END SCRIPT
Thu Jun 11 13:33:15 CEST 2020
START SCRIPT
Thu Jun 11 13:33:25 CEST 2020
END SCRIPT
Thu Jun 11 13:34:00 CEST 2020
START SCRIPT
Thu Jun 11 13:34:10 CEST 2020
BOOT
START SCRIPT
Thu Jun 11 13:22:09 CEST 2020
END SCRIPT
Thu Jun 11 13:23:04 CEST 2020
START SCRIPT
Thu Jun 11 13:23:14 CEST 2020
END SCRIPT
Thu Jun 11 13:23:50 CEST 2020
START SCRIPT
Thu Jun 11 13:24:00 CEST 2020
END SCRIPT
Thu Jun 11 13:24:36 CEST 2020
START SCRIPT
Thu Jun 11 13:24:46 CEST 2020
END SCRIPT
Thu Jun 11 13:25:21 CEST 2020
START SCRIPT
Thu Jun 11 13:25:32 CEST 2020
END SCRIPT
Thu Jun 11 13:26:07 CEST 2020
START SCRIPT
Thu Jun 11 13:26:17 CEST 2020
END SCRIPT
Thu Jun 11 13:26:53 CEST 2020
START SCRIPT
Thu Jun 11 13:27:03 CEST 2020
END SCRIPT
Thu Jun 11 13:27:38 CEST 2020
START SCRIPT
Thu Jun 11 13:27:48 CEST 2020
END SCRIPT
Thu Jun 11 13:28:24 CEST 2020
START SCRIPT
Thu Jun 11 13:28:34 CEST 2020
END SCRIPT
Thu Jun 11 13:29:10 CEST 2020
START SCRIPT
Thu Jun 11 13:29:20 CEST 2020
END SCRIPT
Thu Jun 11 13:29:55 CEST 2020
START SCRIPT
Thu Jun 11 13:30:05 CEST 2020
END SCRIPT
Thu Jun 11 13:30:41 CEST 2020
START SCRIPT
Thu Jun 11 13:30:51 CEST 2020
END SCRIPT
Thu Jun 11 13:31:17 CEST 2020
START SCRIPT
Thu Jun 11 13:31:27 CEST 2020
END SCRIPT
Wed Jun 17 18:53:06 CEST 2020
START SCRIPT
Wed Jun 17 18:53:16 CEST 2020
END SCRIPT
Thu Jun 18 01:05:00 CEST 2020
START SCRIPT
Thu Jun 18 01:05:10 CEST 2020
END SCRIPT
Thu Jun 18 07:23:02 CEST 2020
START SCRIPT
Thu Jun 18 07:23:12 CEST 2020
BOOT
START SCRIPT
Thu Jun 11 13:24:12 CEST 2020
END SCRIPT
Thu Jun 11 13:24:58 CEST 2020
START SCRIPT
Thu Jun 11 13:25:08 CEST 2020
END SCRIPT
Thu Jun 11 13:25:43 CEST 2020
START SCRIPT
Thu Jun 11 13:25:53 CEST 2020
END SCRIPT
Thu Jun 11 13:26:29 CEST 2020
START SCRIPT
Thu Jun 11 13:26:39 CEST 2020
END SCRIPT
Thu Jun 18 11:55:48 CEST 2020
START SCRIPT
Thu Jun 18 11:55:58 CEST 2020
END SCRIPT
Thu Jun 18 18:13:51 CEST 2020
START SCRIPT
Thu Jun 18 18:14:01 CEST 2020
END SCRIPT
Fri Jun 19 00:31:58 CEST 2020
START SCRIPT
Fri Jun 19 00:32:08 CEST 2020
END SCRIPT
Fri Jun 19 06:49:54 CEST 2020
START SCRIPT
Fri Jun 19 06:50:04 CEST 2020
END SCRIPT
Fri Jun 19 13:07:57 CEST 2020
START SCRIPT
Fri Jun 19 13:08:07 CEST 2020
END SCRIPT
Fri Jun 19 19:26:26 CEST 2020
START SCRIPT
Fri Jun 19 19:26:36 CEST 2020
END SCRIPT
Sat Jun 20 01:44:26 CEST 2020
START SCRIPT
Sat Jun 20 01:44:36 CEST 2020
END SCRIPT
Sat Jun 20 08:02:37 CEST 2020
START SCRIPT
Sat Jun 20 08:02:47 CEST 2020
END SCRIPT
Sat Jun 20 14:20:36 CEST 2020
START SCRIPT
Sat Jun 20 14:20:46 CEST 2020
BOOT
START SCRIPT
Thu Jun 11 13:26:11 CEST 2020
END SCRIPT
Sat Jun 20 14:41:26 CEST 2020
START SCRIPT
Sat Jun 20 14:41:36 CEST 2020
END SCRIPT
Sat Jun 20 20:59:26 CEST 2020
START SCRIPT
Sat Jun 20 20:59:36 CEST 2020
END SCRIPT
Sun Jun 21 03:17:43 CEST 2020
START SCRIPT
Sun Jun 21 03:17:53 CEST 2020
END SCRIPT
Sun Jun 21 09:34:14 CEST 2020
START SCRIPT
Sun Jun 21 09:34:24 CEST 2020
END SCRIPT
Sun Jun 21 15:52:22 CEST 2020
START SCRIPT
Sun Jun 21 15:52:32 CEST 2020
END SCRIPT
Sun Jun 21 22:10:25 CEST 2020
START SCRIPT
Sun Jun 21 22:10:35 CEST 2020
END SCRIPT
Mon Jun 22 04:28:32 CEST 2020
START SCRIPT
Mon Jun 22 04:28:42 CEST 2020
END SCRIPT
Mon Jun 22 10:46:37 CEST 2020
START SCRIPT
Mon Jun 22 10:46:47 CEST 2020
END SCRIPT
Mon Jun 22 17:02:44 CEST 2020
START SCRIPT
Mon Jun 22 17:02:54 CEST 2020
END SCRIPT
Mon Jun 22 23:20:53 CEST 2020
START SCRIPT
Mon Jun 22 23:21:03 CEST 2020
END SCRIPT
Tue Jun 23 05:38:58 CEST 2020
START SCRIPT
Tue Jun 23 05:39:08 CEST 2020
END SCRIPT
Tue Jun 23 11:57:13 CEST 2020
START SCRIPT
Tue Jun 23 11:57:23 CEST 2020
END SCRIPT
Tue Jun 23 18:13:43 CEST 2020
START SCRIPT
Tue Jun 23 18:13:53 CEST 2020
END SCRIPT
Wed Jun 24 00:27:02 CEST 2020
START SCRIPT
Wed Jun 24 00:27:12 CEST 2020
END SCRIPT
Wed Jun 24 06:45:03 CEST 2020
START SCRIPT
Wed Jun 24 06:45:13 CEST 2020
BOOT
START SCRIPT
Sat Jun 20 14:41:05 CEST 2020
END SCRIPT
Sat Jun 20 14:41:52 CEST 2020
START SCRIPT
Sat Jun 20 14:42:02 CEST 2020
END SCRIPT
Sat Jun 20 14:42:37 CEST 2020
START SCRIPT
Sat Jun 20 14:42:47 CEST 2020
END SCRIPT
Sat Jun 20 14:43:23 CEST 2020
START SCRIPT
Sat Jun 20 14:43:33 CEST 2020
END SCRIPT
Wed Jun 24 09:31:31 CEST 2020
START SCRIPT
Wed Jun 24 09:31:41 CEST 2020
BOOT
START SCRIPT
Fri Jul  3 18:58:07 CEST 2020
BOOT
START SCRIPT
Fri Jul  3 19:00:03 CEST 2020
END SCRIPT
Sat Jul  4 01:19:42 CEST 2020
START SCRIPT
Sat Jul  4 01:19:52 CEST 2020
END SCRIPT
Sat Jul  4 07:37:51 CEST 2020
START SCRIPT
Sat Jul  4 07:38:01 CEST 2020
END SCRIPT
Sat Jul  4 13:55:57 CEST 2020
START SCRIPT
Sat Jul  4 13:56:07 CEST 2020
END SCRIPT
Sat Jul  4 20:14:38 CEST 2020
START SCRIPT
Sat Jul  4 20:14:48 CEST 2020
END SCRIPT
Sun Jul  5 02:32:44 CEST 2020
START SCRIPT
Sun Jul  5 02:32:54 CEST 2020
END SCRIPT
Sun Jul  5 08:50:22 CEST 2020
START SCRIPT
Sun Jul  5 08:50:32 CEST 2020
END SCRIPT
Sun Jul  5 15:08:32 CEST 2020
START SCRIPT
Sun Jul  5 15:08:42 CEST 2020
END SCRIPT
Sun Jul  5 21:26:37 CEST 2020
START SCRIPT
Sun Jul  5 21:26:47 CEST 2020
END SCRIPT
Mon Jul  6 03:44:43 CEST 2020
START SCRIPT
Mon Jul  6 03:44:53 CEST 2020
END SCRIPT
Mon Jul  6 10:04:57 CEST 2020
START SCRIPT
Mon Jul  6 10:05:07 CEST 2020
BOOT
START SCRIPT
Sun Jul  5 12:28:52 CEST 2020
BOOT
START SCRIPT
Mon Jul  6 17:39:14 CEST 2020
END SCRIPT
Mon Jul  6 23:52:22 CEST 2020
START SCRIPT
Mon Jul  6 23:52:32 CEST 2020
END SCRIPT
Tue Jul  7 06:08:50 CEST 2020
START SCRIPT
Tue Jul  7 06:09:00 CEST 2020
END SCRIPT
Tue Jul  7 12:26:54 CEST 2020
START SCRIPT
Tue Jul  7 12:27:04 CEST 2020
END SCRIPT
Tue Jul  7 18:44:54 CEST 2020
START SCRIPT
Tue Jul  7 18:45:04 CEST 2020
END SCRIPT
Wed Jul  8 01:02:55 CEST 2020
START SCRIPT
Wed Jul  8 01:03:05 CEST 2020
END SCRIPT
Wed Jul  8 07:21:09 CEST 2020
START SCRIPT
Wed Jul  8 07:21:19 CEST 2020
END SCRIPT
Wed Jul  8 10:36:39 CEST 2020
START SCRIPT
Wed Jul  8 10:36:49 CEST 2020
BOOT
START SCRIPT
Wed Jul  8 17:23:43 CEST 2020
BOOT
START SCRIPT
Wed Jul  8 17:40:26 CEST 2020
BOOT
START SCRIPT
Wed Jul  8 17:47:24 CEST 2020
END SCRIPT
Thu Jul  9 00:08:16 CEST 2020
START SCRIPT
Thu Jul  9 00:08:26 CEST 2020
END SCRIPT
Thu Jul  9 06:26:25 CEST 2020
START SCRIPT
Thu Jul  9 06:26:35 CEST 2020
BOOT
START SCRIPT
Thu Jul  9 18:36:24 CEST 2020
END SCRIPT
Fri Jul 10 01:01:46 CEST 2020
START SCRIPT
Fri Jul 10 01:01:56 CEST 2020
END SCRIPT
Fri Jul 10 07:18:20 CEST 2020
START SCRIPT
Fri Jul 10 07:18:30 CEST 2020
END SCRIPT
Fri Jul 10 13:36:36 CEST 2020
START SCRIPT
Fri Jul 10 13:36:46 CEST 2020
END SCRIPT
Fri Jul 10 15:08:42 CEST 2020
START SCRIPT
Fri Jul 10 15:08:52 CEST 2020
END SCRIPT
Fri Jul 10 15:08:52 CEST 2020
START SCRIPT
Fri Jul 10 15:09:02 CEST 2020
END SCRIPT
Fri Jul 10 15:09:03 CEST 2020
START SCRIPT
Fri Jul 10 15:09:13 CEST 2020
END SCRIPT
Fri Jul 10 15:09:14 CEST 2020
START SCRIPT
Fri Jul 10 15:09:24 CEST 2020
END SCRIPT
Fri Jul 10 15:09:24 CEST 2020
BOOT
START SCRIPT
Fri Jul 10 18:53:12 CEST 2020
END SCRIPT
Fri Jul 10 19:04:42 CEST 2020
START SCRIPT
Fri Jul 10 19:04:52 CEST 2020
BOOT
START SCRIPT
Fri Jul 10 19:11:41 CEST 2020
END SCRIPT
Sat Jul 11 01:20:09 CEST 2020
START SCRIPT
Sat Jul 11 01:20:19 CEST 2020
END SCRIPT
Sat Jul 11 07:38:11 CEST 2020
START SCRIPT
Sat Jul 11 07:38:21 CEST 2020
END SCRIPT
Sat Jul 11 13:56:09 CEST 2020
START SCRIPT
Sat Jul 11 13:56:19 CEST 2020
BOOT
START SCRIPT
Sat Jul 11 17:51:30 CEST 2020
BOOT
START SCRIPT
Mon Jul 13 10:39:57 CEST 2020
BOOT
START SCRIPT
Mon Jul 13 14:51:40 CEST 2020
BOOT
START SCRIPT
Mon Jul 13 14:53:34 CEST 2020
BOOT
START SCRIPT
Mon Jul 13 14:55:26 CEST 2020
BOOT
START SCRIPT
Mon Jul 13 14:57:18 CEST 2020
BOOT
START SCRIPT
Mon Jul 13 15:11:47 CEST 2020
BOOT
START SCRIPT
Mon Jul 13 18:42:35 CEST 2020
BOOT
START SCRIPT
Wed Jul 15 14:47:42 CEST 2020
END SCRIPT
Fri Jul 24 17:39:41 CEST 2020
START SCRIPT
Fri Jul 24 17:39:51 CEST 2020
END SCRIPT
Fri Jul 24 17:40:27 CEST 2020
START SCRIPT
Fri Jul 24 17:40:37 CEST 2020
END SCRIPT
Fri Jul 24 17:41:12 CEST 2020
START SCRIPT
Fri Jul 24 17:41:22 CEST 2020
END SCRIPT
Fri Jul 24 17:41:58 CEST 2020
START SCRIPT
Fri Jul 24 17:42:08 CEST 2020
END SCRIPT
Fri Jul 24 17:42:44 CEST 2020
START SCRIPT
Fri Jul 24 17:42:54 CEST 2020
END SCRIPT
Fri Jul 24 17:43:29 CEST 2020
START SCRIPT
Fri Jul 24 17:43:39 CEST 2020
END SCRIPT
Fri Jul 24 17:44:15 CEST 2020
START SCRIPT
Fri Jul 24 17:44:25 CEST 2020
END SCRIPT
Fri Jul 24 17:45:00 CEST 2020
START SCRIPT
Fri Jul 24 17:45:10 CEST 2020
END SCRIPT
Fri Jul 24 17:45:46 CEST 2020
START SCRIPT
Fri Jul 24 17:45:56 CEST 2020
END SCRIPT
Fri Jul 24 17:46:31 CEST 2020
START SCRIPT
Fri Jul 24 17:46:41 CEST 2020
END SCRIPT
Fri Jul 24 17:47:17 CEST 2020
START SCRIPT
Fri Jul 24 17:47:27 CEST 2020
END SCRIPT
Fri Jul 24 17:48:03 CEST 2020
START SCRIPT
Fri Jul 24 17:48:13 CEST 2020
END SCRIPT
Fri Jul 24 17:48:48 CEST 2020
START SCRIPT
Fri Jul 24 17:48:58 CEST 2020
END SCRIPT
Fri Jul 24 17:49:34 CEST 2020
START SCRIPT
Fri Jul 24 17:49:44 CEST 2020
END SCRIPT
Fri Jul 24 17:50:19 CEST 2020
START SCRIPT
Fri Jul 24 17:50:29 CEST 2020
END SCRIPT
Fri Jul 24 17:51:05 CEST 2020
START SCRIPT
Fri Jul 24 17:51:15 CEST 2020
END SCRIPT
Fri Jul 24 17:51:51 CEST 2020
START SCRIPT
Fri Jul 24 17:52:01 CEST 2020
END SCRIPT
Fri Jul 24 17:52:36 CEST 2020
START SCRIPT
Fri Jul 24 17:52:46 CEST 2020
END SCRIPT
Fri Jul 24 17:53:22 CEST 2020
START SCRIPT
Fri Jul 24 17:53:32 CEST 2020
BOOT
START SCRIPT
Sat Aug  1 07:02:00 CEST 2020
END SCRIPT
Sat Aug  1 07:02:34 CEST 2020
START SCRIPT
Sat Aug  1 07:02:44 CEST 2020
END SCRIPT
Sat Aug  1 07:03:19 CEST 2020
START SCRIPT
Sat Aug  1 07:03:29 CEST 2020
END SCRIPT
Sat Aug  1 07:04:05 CEST 2020
START SCRIPT
Sat Aug  1 07:04:15 CEST 2020
END SCRIPT
Sat Aug  1 07:04:51 CEST 2020
START SCRIPT
Sat Aug  1 07:05:01 CEST 2020
END SCRIPT
Sat Aug  1 07:05:36 CEST 2020
START SCRIPT
Sat Aug  1 07:05:46 CEST 2020
END SCRIPT
Sat Aug  1 07:06:17 CEST 2020
START SCRIPT
Sat Aug  1 07:06:27 CEST 2020
END SCRIPT
Tue Aug  4 11:18:25 CEST 2020
START SCRIPT
Tue Aug  4 11:18:35 CEST 2020
END SCRIPT
Tue Aug  4 11:18:36 CEST 2020
START SCRIPT
Tue Aug  4 11:18:46 CEST 2020
END SCRIPT
Tue Aug  4 11:18:47 CEST 2020
START SCRIPT
Tue Aug  4 11:18:57 CEST 2020
END SCRIPT
Tue Aug  4 11:18:57 CEST 2020
START SCRIPT
Tue Aug  4 11:19:07 CEST 2020
END SCRIPT
Tue Aug  4 11:19:08 CEST 2020
START SCRIPT
Tue Aug  4 11:19:18 CEST 2020
END SCRIPT
Tue Aug  4 11:19:19 CEST 2020
START SCRIPT
Tue Aug  4 11:19:29 CEST 2020
END SCRIPT
Tue Aug  4 11:19:29 CEST 2020
START SCRIPT
Tue Aug  4 11:19:39 CEST 2020
END SCRIPT
Tue Aug  4 11:19:40 CEST 2020
START SCRIPT
Tue Aug  4 11:19:50 CEST 2020
END SCRIPT
Tue Aug  4 11:19:50 CEST 2020
START SCRIPT
Tue Aug  4 11:20:00 CEST 2020
END SCRIPT
Tue Aug  4 11:20:01 CEST 2020
START SCRIPT
Tue Aug  4 11:20:11 CEST 2020
END SCRIPT
Tue Aug  4 11:20:12 CEST 2020
START SCRIPT
Tue Aug  4 11:20:22 CEST 2020
END SCRIPT
Tue Aug  4 11:20:22 CEST 2020
START SCRIPT
Tue Aug  4 11:20:32 CEST 2020
END SCRIPT
Tue Aug  4 11:20:33 CEST 2020
START SCRIPT
Tue Aug  4 11:20:43 CEST 2020
END SCRIPT
Tue Aug  4 11:20:43 CEST 2020
START SCRIPT
Tue Aug  4 11:20:53 CEST 2020
END SCRIPT
Tue Aug  4 11:20:54 CEST 2020
START SCRIPT
Tue Aug  4 11:21:04 CEST 2020
END SCRIPT
Tue Aug  4 11:21:05 CEST 2020
START SCRIPT
Tue Aug  4 11:21:15 CEST 2020
END SCRIPT
Tue Aug  4 11:21:15 CEST 2020
START SCRIPT
Tue Aug  4 11:21:25 CEST 2020
END SCRIPT
Tue Aug  4 11:21:26 CEST 2020
START SCRIPT
Tue Aug  4 11:21:36 CEST 2020
END SCRIPT
Tue Aug  4 11:21:37 CEST 2020
START SCRIPT
Tue Aug  4 11:21:47 CEST 2020
END SCRIPT
Tue Aug  4 11:21:47 CEST 2020
START SCRIPT
Tue Aug  4 11:21:57 CEST 2020
END SCRIPT
Tue Aug  4 11:21:58 CEST 2020
START SCRIPT
Tue Aug  4 11:22:08 CEST 2020
END SCRIPT
Tue Aug  4 11:22:08 CEST 2020
START SCRIPT
Tue Aug  4 11:22:18 CEST 2020
END SCRIPT
Tue Aug  4 11:22:19 CEST 2020
START SCRIPT
Tue Aug  4 11:22:29 CEST 2020
END SCRIPT
Tue Aug  4 11:22:30 CEST 2020
START SCRIPT
Tue Aug  4 11:22:40 CEST 2020
END SCRIPT
Tue Aug  4 11:22:40 CEST 2020
START SCRIPT
Tue Aug  4 11:22:50 CEST 2020
END SCRIPT
Tue Aug  4 11:22:51 CEST 2020
START SCRIPT
Tue Aug  4 11:23:01 CEST 2020
END SCRIPT
Tue Aug  4 11:23:01 CEST 2020
START SCRIPT
Tue Aug  4 11:23:11 CEST 2020
END SCRIPT
Tue Aug  4 11:23:12 CEST 2020
START SCRIPT
Tue Aug  4 11:23:22 CEST 2020
END SCRIPT
Tue Aug  4 11:23:23 CEST 2020
START SCRIPT
Tue Aug  4 11:23:33 CEST 2020
END SCRIPT
Tue Aug  4 11:23:33 CEST 2020
START SCRIPT
Tue Aug  4 11:23:43 CEST 2020
END SCRIPT
Tue Aug  4 11:23:44 CEST 2020
START SCRIPT
Tue Aug  4 11:23:54 CEST 2020
END SCRIPT
Tue Aug  4 11:23:55 CEST 2020
START SCRIPT
Tue Aug  4 11:24:05 CEST 2020
END SCRIPT
Tue Aug  4 11:24:05 CEST 2020
START SCRIPT
Tue Aug  4 11:24:15 CEST 2020
END SCRIPT
Tue Aug  4 11:24:16 CEST 2020
START SCRIPT
Tue Aug  4 11:24:26 CEST 2020
END SCRIPT
Tue Aug  4 11:24:26 CEST 2020
START SCRIPT
Tue Aug  4 11:24:36 CEST 2020
END SCRIPT
Tue Aug  4 11:24:37 CEST 2020
START SCRIPT
Tue Aug  4 11:24:47 CEST 2020
END SCRIPT
Tue Aug  4 11:24:48 CEST 2020
START SCRIPT
Tue Aug  4 11:24:58 CEST 2020
END SCRIPT
Tue Aug  4 11:24:58 CEST 2020
START SCRIPT
Tue Aug  4 11:25:08 CEST 2020
END SCRIPT
Tue Aug  4 11:25:09 CEST 2020
START SCRIPT
Tue Aug  4 11:25:19 CEST 2020
END SCRIPT
Tue Aug  4 11:25:19 CEST 2020
START SCRIPT
Tue Aug  4 11:25:30 CEST 2020
END SCRIPT
Tue Aug  4 11:25:30 CEST 2020
START SCRIPT
Tue Aug  4 11:25:40 CEST 2020
END SCRIPT
Tue Aug  4 11:25:41 CEST 2020
START SCRIPT
Tue Aug  4 11:25:51 CEST 2020
END SCRIPT
Tue Aug  4 11:25:51 CEST 2020
START SCRIPT
Tue Aug  4 11:26:01 CEST 2020
END SCRIPT
Tue Aug  4 11:26:02 CEST 2020
START SCRIPT
Tue Aug  4 11:26:12 CEST 2020
END SCRIPT
Tue Aug  4 11:26:13 CEST 2020
START SCRIPT
Tue Aug  4 11:26:23 CEST 2020
END SCRIPT
Tue Aug  4 11:26:23 CEST 2020
START SCRIPT
Tue Aug  4 11:26:33 CEST 2020
END SCRIPT
Tue Aug  4 11:26:34 CEST 2020
START SCRIPT
Tue Aug  4 11:26:44 CEST 2020
END SCRIPT
Tue Aug  4 11:26:44 CEST 2020
START SCRIPT
Tue Aug  4 11:26:54 CEST 2020
END SCRIPT
Tue Aug  4 11:26:55 CEST 2020
START SCRIPT
Tue Aug  4 11:27:05 CEST 2020
END SCRIPT
Tue Aug  4 11:27:06 CEST 2020
START SCRIPT
Tue Aug  4 11:27:16 CEST 2020
END SCRIPT
Tue Aug  4 11:27:16 CEST 2020
START SCRIPT
Tue Aug  4 11:27:26 CEST 2020
END SCRIPT
Tue Aug  4 11:27:27 CEST 2020
START SCRIPT
Tue Aug  4 11:27:37 CEST 2020
END SCRIPT
Tue Aug  4 11:27:38 CEST 2020
START SCRIPT
Tue Aug  4 11:27:48 CEST 2020
END SCRIPT
Tue Aug  4 11:27:48 CEST 2020
START SCRIPT
Tue Aug  4 11:27:58 CEST 2020
END SCRIPT
Tue Aug  4 11:27:59 CEST 2020
START SCRIPT
Tue Aug  4 11:28:09 CEST 2020
END SCRIPT
Tue Aug  4 11:28:09 CEST 2020
START SCRIPT
Tue Aug  4 11:28:19 CEST 2020
END SCRIPT
Tue Aug  4 11:28:20 CEST 2020
START SCRIPT
Tue Aug  4 11:28:30 CEST 2020
END SCRIPT
Tue Aug  4 11:28:31 CEST 2020
START SCRIPT
Tue Aug  4 11:28:41 CEST 2020
END SCRIPT
Tue Aug  4 11:28:41 CEST 2020
START SCRIPT
Tue Aug  4 11:28:51 CEST 2020
END SCRIPT
Tue Aug  4 11:28:52 CEST 2020
START SCRIPT
Tue Aug  4 11:29:02 CEST 2020
END SCRIPT
Tue Aug  4 11:29:02 CEST 2020
START SCRIPT
Tue Aug  4 11:29:12 CEST 2020
END SCRIPT
Tue Aug  4 11:29:13 CEST 2020
START SCRIPT
Tue Aug  4 11:29:23 CEST 2020
END SCRIPT
Tue Aug  4 11:29:24 CEST 2020
START SCRIPT
Tue Aug  4 11:29:34 CEST 2020
END SCRIPT
Tue Aug  4 11:29:34 CEST 2020
START SCRIPT
Tue Aug  4 11:29:44 CEST 2020
END SCRIPT
Tue Aug  4 11:29:45 CEST 2020
START SCRIPT
Tue Aug  4 11:29:55 CEST 2020
END SCRIPT
Tue Aug  4 11:29:56 CEST 2020
START SCRIPT
Tue Aug  4 11:30:06 CEST 2020
END SCRIPT
Tue Aug  4 11:30:06 CEST 2020
START SCRIPT
Tue Aug  4 11:30:16 CEST 2020
END SCRIPT
Tue Aug  4 11:30:17 CEST 2020
START SCRIPT
Tue Aug  4 11:30:27 CEST 2020
END SCRIPT
Tue Aug  4 11:30:27 CEST 2020
START SCRIPT
Tue Aug  4 11:30:37 CEST 2020
END SCRIPT
Tue Aug  4 11:30:38 CEST 2020
START SCRIPT
Tue Aug  4 11:30:48 CEST 2020
END SCRIPT
Tue Aug  4 11:30:49 CEST 2020
START SCRIPT
Tue Aug  4 11:30:59 CEST 2020
END SCRIPT
Tue Aug  4 11:30:59 CEST 2020
START SCRIPT
Tue Aug  4 11:31:09 CEST 2020
END SCRIPT
Tue Aug  4 11:31:10 CEST 2020
START SCRIPT
Tue Aug  4 11:31:20 CEST 2020
END SCRIPT
Tue Aug  4 11:31:20 CEST 2020
START SCRIPT
Tue Aug  4 11:31:30 CEST 2020
END SCRIPT
Tue Aug  4 11:31:31 CEST 2020
START SCRIPT
Tue Aug  4 11:31:41 CEST 2020
END SCRIPT
Tue Aug  4 11:31:42 CEST 2020
START SCRIPT
Tue Aug  4 11:31:52 CEST 2020
END SCRIPT
Tue Aug  4 11:31:52 CEST 2020
START SCRIPT
Tue Aug  4 11:32:02 CEST 2020
END SCRIPT
Tue Aug  4 11:32:03 CEST 2020
START SCRIPT
Tue Aug  4 11:32:13 CEST 2020
END SCRIPT
Tue Aug  4 11:32:14 CEST 2020
START SCRIPT
Tue Aug  4 11:32:24 CEST 2020
BOOT
START SCRIPT
Tue Aug  4 19:02:58 CEST 2020
BOOT
START SCRIPT
Wed Aug  5 18:57:53 CEST 2020
BOOT
START SCRIPT
Thu Aug  6 16:01:36 CEST 2020
END SCRIPT
Thu Aug  6 16:43:35 CEST 2020
START SCRIPT
Thu Aug  6 16:43:45 CEST 2020
END SCRIPT
Thu Aug  6 16:54:23 CEST 2020
START SCRIPT
Thu Aug  6 16:54:33 CEST 2020
END SCRIPT
Thu Aug  6 16:58:35 CEST 2020
START SCRIPT
Thu Aug  6 16:58:45 CEST 2020
END SCRIPT
Thu Aug  6 17:06:17 CEST 2020
START SCRIPT
Thu Aug  6 17:06:27 CEST 2020
END SCRIPT
Thu Aug  6 18:05:13 CEST 2020
START SCRIPT
Thu Aug  6 18:05:23 CEST 2020
END SCRIPT
Thu Aug  6 18:24:52 CEST 2020
START SCRIPT
Thu Aug  6 18:25:02 CEST 2020
BOOT
START SCRIPT
Thu Aug  6 18:30:07 CEST 2020
END SCRIPT
Fri Aug  7 00:50:13 CEST 2020
START SCRIPT
Fri Aug  7 00:50:23 CEST 2020
END SCRIPT
Fri Aug  7 07:08:55 CEST 2020
START SCRIPT
Fri Aug  7 07:09:05 CEST 2020
END SCRIPT
Fri Aug  7 13:26:01 CEST 2020
START SCRIPT
Fri Aug  7 13:26:11 CEST 2020
END SCRIPT
Fri Aug  7 19:44:16 CEST 2020
START SCRIPT
Fri Aug  7 19:44:26 CEST 2020
END SCRIPT
Sat Aug  8 02:02:46 CEST 2020
START SCRIPT
Sat Aug  8 02:02:56 CEST 2020
END SCRIPT
Sat Aug  8 08:19:14 CEST 2020
START SCRIPT
Sat Aug  8 08:19:24 CEST 2020
END SCRIPT
Sat Aug  8 14:37:30 CEST 2020
START SCRIPT
Sat Aug  8 14:37:40 CEST 2020
END SCRIPT
Sat Aug  8 20:55:38 CEST 2020
START SCRIPT
Sat Aug  8 20:55:48 CEST 2020
END SCRIPT
Sun Aug  9 03:13:37 CEST 2020
START SCRIPT
Sun Aug  9 03:13:47 CEST 2020
END SCRIPT
Sun Aug  9 09:31:51 CEST 2020
START SCRIPT
Sun Aug  9 09:32:01 CEST 2020
END SCRIPT
Sun Aug  9 15:49:58 CEST 2020
START SCRIPT
Sun Aug  9 15:50:08 CEST 2020
END SCRIPT
Sun Aug  9 22:08:05 CEST 2020
START SCRIPT
Sun Aug  9 22:08:15 CEST 2020
END SCRIPT
Mon Aug 10 04:26:18 CEST 2020
START SCRIPT
Mon Aug 10 04:26:28 CEST 2020
END SCRIPT
Mon Aug 10 10:44:39 CEST 2020
START SCRIPT
Mon Aug 10 10:44:49 CEST 2020
END SCRIPT
Mon Aug 10 16:58:57 CEST 2020
START SCRIPT
Mon Aug 10 16:59:07 CEST 2020
END SCRIPT
Mon Aug 10 23:15:22 CEST 2020
START SCRIPT
Mon Aug 10 23:15:32 CEST 2020
END SCRIPT
Tue Aug 11 05:33:39 CEST 2020
START SCRIPT
Tue Aug 11 05:33:49 CEST 2020
END SCRIPT
Tue Aug 11 11:52:09 CEST 2020
START SCRIPT
Tue Aug 11 11:52:19 CEST 2020
END SCRIPT
Tue Aug 11 18:10:22 CEST 2020
START SCRIPT
Tue Aug 11 18:10:32 CEST 2020
END SCRIPT
Wed Aug 12 00:22:47 CEST 2020
START SCRIPT
Wed Aug 12 00:22:57 CEST 2020
END SCRIPT
Wed Aug 12 06:41:04 CEST 2020
START SCRIPT
Wed Aug 12 06:41:14 CEST 2020
END SCRIPT
Wed Aug 12 12:59:23 CEST 2020
START SCRIPT
Wed Aug 12 12:59:33 CEST 2020
END SCRIPT
Wed Aug 12 19:17:34 CEST 2020
START SCRIPT
Wed Aug 12 19:17:44 CEST 2020
END SCRIPT
Thu Aug 13 01:35:50 CEST 2020
START SCRIPT
Thu Aug 13 01:36:00 CEST 2020
END SCRIPT
Thu Aug 13 07:52:19 CEST 2020
START SCRIPT
Thu Aug 13 07:52:29 CEST 2020
END SCRIPT
Thu Aug 13 14:10:36 CEST 2020
START SCRIPT
Thu Aug 13 14:10:46 CEST 2020
END SCRIPT
Thu Aug 13 20:27:00 CEST 2020
START SCRIPT
Thu Aug 13 20:27:10 CEST 2020
END SCRIPT
Fri Aug 14 02:41:36 CEST 2020
START SCRIPT
Fri Aug 14 02:41:46 CEST 2020
END SCRIPT
Fri Aug 14 02:44:51 CEST 2020
START SCRIPT
Fri Aug 14 02:45:01 CEST 2020
END SCRIPT
Fri Aug 14 09:03:07 CEST 2020
START SCRIPT
Fri Aug 14 09:03:17 CEST 2020
END SCRIPT
Fri Aug 14 15:19:22 CEST 2020
START SCRIPT
Fri Aug 14 15:19:32 CEST 2020
END SCRIPT
Fri Aug 14 21:37:34 CEST 2020
START SCRIPT
Fri Aug 14 21:37:44 CEST 2020
END SCRIPT
Sat Aug 15 03:56:01 CEST 2020
START SCRIPT
Sat Aug 15 03:56:11 CEST 2020
END SCRIPT
Sat Aug 15 10:14:07 CEST 2020
START SCRIPT
Sat Aug 15 10:14:17 CEST 2020
END SCRIPT
Sat Aug 15 16:32:19 CEST 2020
START SCRIPT
Sat Aug 15 16:32:29 CEST 2020
END SCRIPT
Sat Aug 15 22:50:28 CEST 2020
START SCRIPT
Sat Aug 15 22:50:39 CEST 2020
END SCRIPT
Sun Aug 16 05:08:28 CEST 2020
START SCRIPT
Sun Aug 16 05:08:38 CEST 2020
END SCRIPT
Sun Aug 16 11:26:31 CEST 2020
START SCRIPT
Sun Aug 16 11:26:41 CEST 2020
END SCRIPT
Sun Aug 16 17:44:44 CEST 2020
START SCRIPT
Sun Aug 16 17:44:54 CEST 2020
END SCRIPT
Mon Aug 17 00:02:57 CEST 2020
START SCRIPT
Mon Aug 17 00:03:07 CEST 2020
END SCRIPT
Mon Aug 17 06:20:43 CEST 2020
START SCRIPT
Mon Aug 17 06:20:53 CEST 2020
END SCRIPT
Mon Aug 17 12:38:57 CEST 2020
START SCRIPT
Mon Aug 17 12:39:07 CEST 2020
END SCRIPT
Mon Aug 17 18:58:44 CEST 2020
START SCRIPT
Mon Aug 17 18:58:54 CEST 2020
END SCRIPT
Tue Aug 18 01:17:06 CEST 2020
START SCRIPT
Tue Aug 18 01:17:16 CEST 2020
END SCRIPT
Tue Aug 18 07:33:29 CEST 2020
START SCRIPT
Tue Aug 18 07:33:39 CEST 2020
END SCRIPT
Tue Aug 18 13:51:32 CEST 2020
START SCRIPT
Tue Aug 18 13:51:42 CEST 2020
END SCRIPT
Tue Aug 18 20:10:00 CEST 2020
START SCRIPT
Tue Aug 18 20:10:10 CEST 2020
END SCRIPT
Wed Aug 19 02:24:43 CEST 2020
START SCRIPT
Wed Aug 19 02:24:53 CEST 2020
END SCRIPT
Wed Aug 19 08:41:15 CEST 2020
START SCRIPT
Wed Aug 19 08:41:25 CEST 2020
END SCRIPT
Wed Aug 19 14:53:59 CEST 2020
START SCRIPT
Wed Aug 19 14:54:09 CEST 2020
END SCRIPT
Wed Aug 19 21:12:01 CEST 2020
START SCRIPT
Wed Aug 19 21:12:11 CEST 2020
END SCRIPT
Thu Aug 20 03:30:13 CEST 2020
START SCRIPT
Thu Aug 20 03:30:23 CEST 2020
END SCRIPT
Thu Aug 20 09:48:22 CEST 2020
START SCRIPT
Thu Aug 20 09:48:32 CEST 2020
END SCRIPT
Thu Aug 20 16:06:28 CEST 2020
START SCRIPT
Thu Aug 20 16:06:38 CEST 2020
END SCRIPT
Thu Aug 20 22:22:56 CEST 2020
START SCRIPT
Thu Aug 20 22:23:06 CEST 2020
END SCRIPT
Fri Aug 21 04:38:14 CEST 2020
START SCRIPT
Fri Aug 21 04:38:24 CEST 2020
END SCRIPT
Fri Aug 21 10:56:19 CEST 2020
START SCRIPT
Fri Aug 21 10:56:29 CEST 2020
END SCRIPT
Fri Aug 21 17:14:21 CEST 2020
START SCRIPT
Fri Aug 21 17:14:31 CEST 2020
END SCRIPT
Fri Aug 21 23:30:44 CEST 2020
START SCRIPT
Fri Aug 21 23:30:54 CEST 2020
END SCRIPT
Sat Aug 22 05:49:02 CEST 2020
START SCRIPT
Sat Aug 22 05:49:12 CEST 2020
END SCRIPT
Sat Aug 22 12:07:17 CEST 2020
START SCRIPT
Sat Aug 22 12:07:27 CEST 2020
END SCRIPT
Sat Aug 22 18:25:26 CEST 2020
START SCRIPT
Sat Aug 22 18:25:36 CEST 2020
END SCRIPT
Sun Aug 23 00:43:47 CEST 2020
START SCRIPT
Sun Aug 23 00:43:57 CEST 2020
END SCRIPT
Sun Aug 23 07:02:00 CEST 2020
START SCRIPT
Sun Aug 23 07:02:10 CEST 2020
END SCRIPT
Sun Aug 23 13:20:01 CEST 2020
START SCRIPT
Sun Aug 23 13:20:11 CEST 2020
END SCRIPT
Sun Aug 23 19:38:19 CEST 2020
START SCRIPT
Sun Aug 23 19:38:29 CEST 2020
END SCRIPT
Mon Aug 24 01:54:48 CEST 2020
START SCRIPT
Mon Aug 24 01:54:58 CEST 2020
END SCRIPT
Mon Aug 24 08:13:12 CEST 2020
START SCRIPT
Mon Aug 24 08:13:22 CEST 2020
END SCRIPT
Mon Aug 24 14:27:40 CEST 2020
START SCRIPT
Mon Aug 24 14:27:50 CEST 2020
END SCRIPT
Mon Aug 24 20:45:49 CEST 2020
START SCRIPT
Mon Aug 24 20:45:59 CEST 2020
END SCRIPT
Tue Aug 25 03:03:50 CEST 2020
START SCRIPT
Tue Aug 25 03:04:00 CEST 2020
END SCRIPT
Tue Aug 25 09:21:59 CEST 2020
START SCRIPT
Tue Aug 25 09:22:09 CEST 2020
END SCRIPT
Tue Aug 25 15:34:41 CEST 2020
START SCRIPT
Tue Aug 25 15:34:51 CEST 2020
BOOT
START SCRIPT
Tue Aug 25 19:39:48 CEST 2020
END SCRIPT
Wed Aug 26 01:58:36 CEST 2020
START SCRIPT
Wed Aug 26 01:58:46 CEST 2020
END SCRIPT
Wed Aug 26 08:14:58 CEST 2020
START SCRIPT
Wed Aug 26 08:15:08 CEST 2020
BOOT
START SCRIPT
Wed Aug 26 18:18:15 CEST 2020
END SCRIPT
Thu Aug 27 00:36:09 CEST 2020
START SCRIPT
Thu Aug 27 00:36:19 CEST 2020
END SCRIPT
Thu Aug 27 06:54:22 CEST 2020
START SCRIPT
Thu Aug 27 06:54:32 CEST 2020
END SCRIPT
Thu Aug 27 13:13:51 CEST 2020
START SCRIPT
Thu Aug 27 13:14:01 CEST 2020
END SCRIPT
Thu Aug 27 19:32:07 CEST 2020
START SCRIPT
Thu Aug 27 19:32:17 CEST 2020
END SCRIPT
Fri Aug 28 01:48:34 CEST 2020
START SCRIPT
Fri Aug 28 01:48:44 CEST 2020
END SCRIPT
Fri Aug 28 08:06:59 CEST 2020
START SCRIPT
Fri Aug 28 08:07:09 CEST 2020
END SCRIPT
Fri Aug 28 14:25:11 CEST 2020
START SCRIPT
Fri Aug 28 14:25:21 CEST 2020
END SCRIPT
Fri Aug 28 20:41:37 CEST 2020
START SCRIPT
Fri Aug 28 20:41:47 CEST 2020
END SCRIPT
Sat Aug 29 02:59:52 CEST 2020
START SCRIPT
Sat Aug 29 03:00:02 CEST 2020
END SCRIPT
Sat Aug 29 09:16:11 CEST 2020
START SCRIPT
Sat Aug 29 09:16:21 CEST 2020
END SCRIPT
Sat Aug 29 15:32:37 CEST 2020
START SCRIPT
Sat Aug 29 15:32:47 CEST 2020
END SCRIPT
Sat Aug 29 21:50:46 CEST 2020
START SCRIPT
Sat Aug 29 21:50:56 CEST 2020
END SCRIPT
Sun Aug 30 04:09:06 CEST 2020
START SCRIPT
Sun Aug 30 04:09:16 CEST 2020
END SCRIPT
Sun Aug 30 10:25:39 CEST 2020
START SCRIPT
Sun Aug 30 10:25:49 CEST 2020
END SCRIPT
Sun Aug 30 16:44:24 CEST 2020
START SCRIPT
Sun Aug 30 16:44:34 CEST 2020
END SCRIPT
Sun Aug 30 23:02:36 CEST 2020
START SCRIPT
Sun Aug 30 23:02:46 CEST 2020
END SCRIPT
Mon Aug 31 05:20:58 CEST 2020
START SCRIPT
Mon Aug 31 05:21:08 CEST 2020
END SCRIPT
Mon Aug 31 11:13:55 CEST 2020
START SCRIPT
Mon Aug 31 11:14:05 CEST 2020
END SCRIPT
Mon Aug 31 11:14:40 CEST 2020
START SCRIPT
Mon Aug 31 11:14:50 CEST 2020
END SCRIPT
Mon Aug 31 11:15:26 CEST 2020
START SCRIPT
Mon Aug 31 11:15:36 CEST 2020
END SCRIPT
Mon Aug 31 11:16:12 CEST 2020
START SCRIPT
Mon Aug 31 11:16:22 CEST 2020
END SCRIPT
Mon Aug 31 11:16:57 CEST 2020
START SCRIPT
Mon Aug 31 11:17:07 CEST 2020
END SCRIPT
Mon Aug 31 11:17:43 CEST 2020
START SCRIPT
Mon Aug 31 11:17:53 CEST 2020
END SCRIPT
Mon Aug 31 17:34:18 CEST 2020
START SCRIPT
Mon Aug 31 17:34:28 CEST 2020
END SCRIPT
Mon Aug 31 23:50:47 CEST 2020
START SCRIPT
Mon Aug 31 23:50:57 CEST 2020
END SCRIPT
Tue Sep  1 06:05:13 CEST 2020
START SCRIPT
Tue Sep  1 06:05:23 CEST 2020
END SCRIPT
Tue Sep  1 12:21:38 CEST 2020
START SCRIPT
Tue Sep  1 12:21:48 CEST 2020
BOOT
START SCRIPT
Tue Sep  1 13:23:44 CEST 2020
BOOT
START SCRIPT
Tue Sep  1 15:51:28 CEST 2020
END SCRIPT
Tue Sep  1 22:09:01 CEST 2020
START SCRIPT
Tue Sep  1 22:09:11 CEST 2020
END SCRIPT
Wed Sep  2 04:27:13 CEST 2020
START SCRIPT
Wed Sep  2 04:27:23 CEST 2020
END SCRIPT
Wed Sep  2 10:43:42 CEST 2020
START SCRIPT
Wed Sep  2 10:43:52 CEST 2020
END SCRIPT
Wed Sep  2 17:02:01 CEST 2020
START SCRIPT
Wed Sep  2 17:02:11 CEST 2020
END SCRIPT
Wed Sep  2 23:20:10 CEST 2020
START SCRIPT
Wed Sep  2 23:20:20 CEST 2020
END SCRIPT
Thu Sep  3 05:38:31 CEST 2020
START SCRIPT
Thu Sep  3 05:38:41 CEST 2020
END SCRIPT
Thu Sep  3 11:55:03 CEST 2020
START SCRIPT
Thu Sep  3 11:55:13 CEST 2020
END SCRIPT
Thu Sep  3 18:07:55 CEST 2020
START SCRIPT
Thu Sep  3 18:08:05 CEST 2020
END SCRIPT
Fri Sep  4 00:24:22 CEST 2020
START SCRIPT
Fri Sep  4 00:24:32 CEST 2020
END SCRIPT
Fri Sep  4 06:42:30 CEST 2020
START SCRIPT
Fri Sep  4 06:42:40 CEST 2020
END SCRIPT
Fri Sep  4 12:58:49 CEST 2020
START SCRIPT
Fri Sep  4 12:58:59 CEST 2020
END SCRIPT
Fri Sep  4 19:17:21 CEST 2020
START SCRIPT
Fri Sep  4 19:17:31 CEST 2020
END SCRIPT
Sat Sep  5 01:35:33 CEST 2020
START SCRIPT
Sat Sep  5 01:35:43 CEST 2020
END SCRIPT
Sat Sep  5 07:53:40 CEST 2020
START SCRIPT
Sat Sep  5 07:53:50 CEST 2020
END SCRIPT
Sat Sep  5 14:11:53 CEST 2020
START SCRIPT
Sat Sep  5 14:12:03 CEST 2020
END SCRIPT
Sat Sep  5 20:30:12 CEST 2020
START SCRIPT
Sat Sep  5 20:30:22 CEST 2020
END SCRIPT
Sun Sep  6 02:46:37 CEST 2020
START SCRIPT
Sun Sep  6 02:46:47 CEST 2020
END SCRIPT
Sun Sep  6 09:04:47 CEST 2020
START SCRIPT
Sun Sep  6 09:04:58 CEST 2020
END SCRIPT
Sun Sep  6 15:22:56 CEST 2020
START SCRIPT
Sun Sep  6 15:23:06 CEST 2020
END SCRIPT
Sun Sep  6 21:39:24 CEST 2020
START SCRIPT
Sun Sep  6 21:39:34 CEST 2020
END SCRIPT
Mon Sep  7 03:58:44 CEST 2020
START SCRIPT
Mon Sep  7 03:58:54 CEST 2020
END SCRIPT
Mon Sep  7 10:15:07 CEST 2020
START SCRIPT
Mon Sep  7 10:15:17 CEST 2020
END SCRIPT
Mon Sep  7 16:33:29 CEST 2020
START SCRIPT
Mon Sep  7 16:33:39 CEST 2020
END SCRIPT
Mon Sep  7 22:51:45 CEST 2020
START SCRIPT
Mon Sep  7 22:51:55 CEST 2020
END SCRIPT
Tue Sep  8 05:10:16 CEST 2020
START SCRIPT
Tue Sep  8 05:10:26 CEST 2020
END SCRIPT
Tue Sep  8 11:28:38 CEST 2020
START SCRIPT
Tue Sep  8 11:28:48 CEST 2020
END SCRIPT
Tue Sep  8 17:47:08 CEST 2020
START SCRIPT
Tue Sep  8 17:47:18 CEST 2020
END SCRIPT
Wed Sep  9 00:05:26 CEST 2020
START SCRIPT
Wed Sep  9 00:05:36 CEST 2020
END SCRIPT
Wed Sep  9 06:23:31 CEST 2020
START SCRIPT
Wed Sep  9 06:23:41 CEST 2020
END SCRIPT
Wed Sep  9 12:41:54 CEST 2020
START SCRIPT
Wed Sep  9 12:42:04 CEST 2020
END SCRIPT
Wed Sep  9 19:00:08 CEST 2020
START SCRIPT
Wed Sep  9 19:00:18 CEST 2020
END SCRIPT
Thu Sep 10 01:18:29 CEST 2020
START SCRIPT
Thu Sep 10 01:18:39 CEST 2020
END SCRIPT
Thu Sep 10 07:36:51 CEST 2020
START SCRIPT
Thu Sep 10 07:37:01 CEST 2020
END SCRIPT
Thu Sep 10 13:55:03 CEST 2020
START SCRIPT
Thu Sep 10 13:55:13 CEST 2020
END SCRIPT
Thu Sep 10 20:13:13 CEST 2020
START SCRIPT
Thu Sep 10 20:13:24 CEST 2020
END SCRIPT
Fri Sep 11 02:31:28 CEST 2020
START SCRIPT
Fri Sep 11 02:31:38 CEST 2020
END SCRIPT
Fri Sep 11 08:47:54 CEST 2020
START SCRIPT
Fri Sep 11 08:48:04 CEST 2020
BOOT
START SCRIPT
Fri Sep 11 11:35:09 CEST 2020
BOOT
START SCRIPT
Fri Sep 11 17:37:16 CEST 2020
END SCRIPT
Fri Sep 11 23:56:30 CEST 2020
START SCRIPT
Fri Sep 11 23:56:40 CEST 2020
END SCRIPT
Sat Sep 12 06:12:59 CEST 2020
START SCRIPT
Sat Sep 12 06:13:09 CEST 2020
END SCRIPT
Sat Sep 12 12:31:08 CEST 2020
START SCRIPT
Sat Sep 12 12:31:18 CEST 2020
END SCRIPT
Sat Sep 12 18:49:10 CEST 2020
START SCRIPT
Sat Sep 12 18:49:20 CEST 2020
END SCRIPT
Sun Sep 13 01:07:31 CEST 2020
START SCRIPT
Sun Sep 13 01:07:41 CEST 2020
END SCRIPT
Sun Sep 13 07:25:46 CEST 2020
START SCRIPT
Sun Sep 13 07:25:56 CEST 2020
END SCRIPT
Sun Sep 13 13:43:49 CEST 2020
START SCRIPT
Sun Sep 13 13:43:59 CEST 2020
END SCRIPT
Sun Sep 13 20:01:59 CEST 2020
START SCRIPT
Sun Sep 13 20:02:09 CEST 2020
END SCRIPT
Mon Sep 14 02:20:08 CEST 2020
START SCRIPT
Mon Sep 14 02:20:18 CEST 2020
END SCRIPT
Mon Sep 14 08:36:20 CEST 2020
START SCRIPT
Mon Sep 14 08:36:30 CEST 2020
END SCRIPT
Mon Sep 14 14:52:36 CEST 2020
START SCRIPT
Mon Sep 14 14:52:46 CEST 2020
BOOT
START SCRIPT
Mon Sep 14 15:54:42 CEST 2020
END SCRIPT
Mon Sep 14 22:09:02 CEST 2020
START SCRIPT
Mon Sep 14 22:09:12 CEST 2020
END SCRIPT
Tue Sep 15 04:25:14 CEST 2020
START SCRIPT
Tue Sep 15 04:25:24 CEST 2020
END SCRIPT
Tue Sep 15 10:41:24 CEST 2020
START SCRIPT
Tue Sep 15 10:41:34 CEST 2020
END SCRIPT
Tue Sep 15 16:59:42 CEST 2020
START SCRIPT
Tue Sep 15 16:59:52 CEST 2020
BOOT
START SCRIPT
Tue Sep 15 17:01:48 CEST 2020
END SCRIPT
Tue Sep 15 23:20:19 CEST 2020
START SCRIPT
Tue Sep 15 23:20:29 CEST 2020
END SCRIPT
Wed Sep 16 05:36:48 CEST 2020
START SCRIPT
Wed Sep 16 05:36:58 CEST 2020
BOOT
START SCRIPT
Wed Sep 16 11:52:48 CEST 2020
BOOT
START SCRIPT
Tue Oct 13 16:36:07 CEST 2020
END SCRIPT
Tue Oct 13 16:36:07 CEST 2020
START SCRIPT
Tue Oct 13 16:36:17 CEST 2020
END SCRIPT
Tue Oct 13 16:36:17 CEST 2020
BOOT
START SCRIPT
Tue Oct 13 16:36:47 CEST 2020
END SCRIPT
Tue Oct 13 16:36:47 CEST 2020
BOOT
START SCRIPT
Tue Oct 13 16:46:09 CEST 2020
END SCRIPT
Tue Oct 13 16:46:09 CEST 2020
BOOT
START SCRIPT
Tue Oct 13 16:46:31 CEST 2020
END SCRIPT
Tue Oct 13 16:46:31 CEST 2020
BOOT
START SCRIPT
Tue Oct 13 16:47:17 CEST 2020
END SCRIPT
Tue Oct 13 16:47:17 CEST 2020
BOOT
START SCRIPT
Tue Oct 13 16:48:45 CEST 2020
END SCRIPT
Tue Oct 13 16:48:45 CEST 2020
START SCRIPT
Tue Oct 13 16:48:55 CEST 2020
END SCRIPT
Tue Oct 13 16:48:55 CEST 2020
BOOT
START SCRIPT
Tue Oct 13 16:49:41 CEST 2020
END SCRIPT
Tue Oct 13 16:49:42 CEST 2020
START SCRIPT
Tue Oct 13 16:49:52 CEST 2020
END SCRIPT
Tue Oct 13 16:49:52 CEST 2020
BOOT
START SCRIPT
Tue Oct 13 16:50:50 CEST 2020
END SCRIPT
Tue Oct 13 16:50:50 CEST 2020
BOOT
START SCRIPT
Tue Oct 13 16:57:50 CEST 2020
END SCRIPT
Tue Oct 13 16:57:51 CEST 2020
START SCRIPT
Tue Oct 13 16:58:01 CEST 2020
END SCRIPT
Tue Oct 13 16:58:06 CEST 2020
START SCRIPT
Tue Oct 13 16:58:16 CEST 2020
END SCRIPT
Tue Oct 13 16:58:17 CEST 2020
START SCRIPT
Tue Oct 13 16:58:27 CEST 2020
END SCRIPT
Tue Oct 13 16:58:28 CEST 2020
START SCRIPT
Tue Oct 13 16:58:38 CEST 2020
END SCRIPT
Tue Oct 13 16:58:39 CEST 2020
